# JRE version: OpenJDK Runtime Environment (21.0.10) (build 21.0.10+-14961533-b1163.108)
# Java VM: OpenJDK 64-Bit Server VM (21.0.10+-14961533-b1163.108, mixed mode, tiered, compressed oops, compressed class ptrs, g1 gc, windows-amd64)
GC Precious Log:
 CardTable entry size: 512
 Card Set container configuration: InlinePtr #cards 5 size 8 Array Of Cards #cards 12 size 40 Howl #buckets 4 coarsen threshold 1843 Howl Bitmap #cards 512 size 80 coarsen threshold 460 Card regions per heap region 1 cards per card region 2048
 CPUs: 8 total, 8 available
 Memory: 8099M
 Large Page Support: Disabled
 NUMA Support: Disabled
 Compressed Oops: Enabled (32-bit)
 Heap Region Size: 1M
 Heap Min Capacity: 8M
 Heap Initial Capacity: 128M
 Heap Max Capacity: 1536M
 Pre-touch: Disabled
 Parallel Workers: 8
 Concurrent Workers: 2
 Concurrent Refinement Workers: 8
 Periodic GC: Disabled
Heap:
 garbage-first heap   total 99328K, used 50996K [0x00000000a0000000, 0x0000000100000000)
  region size 1024K, 4 young (4096K), 4 survivors (4096K)
 Metaspace       used 73233K, committed 75072K, reserved 1114112K
  class space    used 10244K, committed 11136K, reserved 1048576K
GC Heap History (20 events):
Event: 10.756 GC heap after
{Heap after GC invocations=19 (full 0):
 garbage-first heap   total 96256K, used 41852K [0x00000000a0000000, 0x0000000100000000)
  region size 1024K, 6 young (6144K), 6 survivors (6144K)
 Metaspace       used 69771K, committed 71488K, reserved 1114112K
  class space    used 9857K, committed 10688K, reserved 1048576K
}
Event: 12.008 GC heap before
{Heap before GC invocations=19 (full 0):
 garbage-first heap   total 96256K, used 86908K [0x00000000a0000000, 0x0000000100000000)
  region size 1024K, 51 young (52224K), 6 survivors (6144K)
 Metaspace       used 72653K, committed 74560K, reserved 1114112K
  class space    used 10235K, committed 11136K, reserved 1048576K
}
Event: 12.016 GC heap after
{Heap after GC invocations=20 (full 0):
 garbage-first heap   total 99328K, used 46586K [0x00000000a0000000, 0x0000000100000000)
  region size 1024K, 7 young (7168K), 7 survivors (7168K)
 Metaspace       used 72653K, committed 74560K, reserved 1114112K
  class space    used 10235K, committed 11136K, reserved 1048576K
}
Event: 12.330 GC heap before
{Heap before GC invocations=20 (full 0):
 garbage-first heap   total 99328K, used 88570K [0x00000000a0000000, 0x0000000100000000)
  region size 1024K, 49 young (50176K), 7 survivors (7168K)
 Metaspace       used 72939K, committed 74752K, reserved 1114112K
  class space    used 10243K, committed 11136K, reserved 1048576K
}
Event: 12.336 GC heap after
{Heap after GC invocations=21 (full 0):
 garbage-first heap   total 99328K, used 48101K [0x00000000a0000000, 0x0000000100000000)
  region size 1024K, 2 young (2048K), 2 survivors (2048K)
 Metaspace       used 72939K, committed 74752K, reserved 1114112K
  class space    used 10243K, committed 11136K, reserved 1048576K
}
Event: 12.676 GC heap before
{Heap before GC invocations=22 (full 0):
 garbage-first heap   total 99328K, used 89061K [0x00000000a0000000, 0x0000000100000000)
  region size 1024K, 43 young (44032K), 2 survivors (2048K)
 Metaspace       used 73113K, committed 75008K, reserved 1114112K
  class space    used 10244K, committed 11136K, reserved 1048576K
}
Event: 12.678 GC heap after
{Heap after GC invocations=23 (full 0):
 garbage-first heap   total 99328K, used 48564K [0x00000000a0000000, 0x0000000100000000)
  region size 1024K, 3 young (3072K), 3 survivors (3072K)
 Metaspace       used 73113K, committed 75008K, reserved 1114112K
  class space    used 10244K, committed 11136K, reserved 1048576K
}
Event: 12.865 GC heap before
{Heap before GC invocations=23 (full 0):
 garbage-first heap   total 99328K, used 90548K [0x00000000a0000000, 0x0000000100000000)
  region size 1024K, 45 young (46080K), 3 survivors (3072K)
 Metaspace       used 73148K, committed 75008K, reserved 1114112K
  class space    used 10244K, committed 11136K, reserved 1048576K
}
Event: 12.869 GC heap after
{Heap after GC invocations=24 (full 0):
 garbage-first heap   total 99328K, used 48839K [0x00000000a0000000, 0x0000000100000000)
  region size 1024K, 3 young (3072K), 3 survivors (3072K)
 Metaspace       used 73148K, committed 75008K, reserved 1114112K
  class space    used 10244K, committed 11136K, reserved 1048576K
}
Event: 13.009 GC heap before
{Heap before GC invocations=24 (full 0):
 garbage-first heap   total 99328K, used 91847K [0x00000000a0000000, 0x0000000100000000)
  region size 1024K, 45 young (46080K), 3 survivors (3072K)
 Metaspace       used 73212K, committed 75072K, reserved 1114112K
  class space    used 10244K, committed 11136K, reserved 1048576K
}
Event: 13.012 GC heap after
{Heap after GC invocations=25 (full 0):
 garbage-first heap   total 99328K, used 49553K [0x00000000a0000000, 0x0000000100000000)
  region size 1024K, 4 young (4096K), 4 survivors (4096K)
 Metaspace       used 73212K, committed 75072K, reserved 1114112K
  class space    used 10244K, committed 11136K, reserved 1048576K
}
Event: 13.130 GC heap before
{Heap before GC invocations=26 (full 0):
 garbage-first heap   total 99328K, used 90513K [0x00000000a0000000, 0x0000000100000000)
  region size 1024K, 45 young (46080K), 4 survivors (4096K)
 Metaspace       used 73214K, committed 75072K, reserved 1114112K
  class space    used 10244K, committed 11136K, reserved 1048576K
}
Event: 13.133 GC heap after
{Heap after GC invocations=27 (full 0):
 garbage-first heap   total 99328K, used 49986K [0x00000000a0000000, 0x0000000100000000)
  region size 1024K, 3 young (3072K), 3 survivors (3072K)
 Metaspace       used 73214K, committed 75072K, reserved 1114112K
  class space    used 10244K, committed 11136K, reserved 1048576K
}
Event: 13.268 GC heap before
{Heap before GC invocations=27 (full 0):
 garbage-first heap   total 99328K, used 91970K [0x00000000a0000000, 0x0000000100000000)
  region size 1024K, 44 young (45056K), 3 survivors (3072K)
 Metaspace       used 73228K, committed 75072K, reserved 1114112K
  class space    used 10244K, committed 11136K, reserved 1048576K
}
Event: 13.271 GC heap after
{Heap after GC invocations=28 (full 0):
 garbage-first heap   total 99328K, used 50239K [0x00000000a0000000, 0x0000000100000000)
  region size 1024K, 3 young (3072K), 3 survivors (3072K)
 Metaspace       used 73228K, committed 75072K, reserved 1114112K
  class space    used 10244K, committed 11136K, reserved 1048576K
}
Event: 13.367 GC heap before
{Heap before GC invocations=28 (full 0):
 garbage-first heap   total 99328K, used 92223K [0x00000000a0000000, 0x0000000100000000)
  region size 1024K, 44 young (45056K), 3 survivors (3072K)
 Metaspace       used 73230K, committed 75072K, reserved 1114112K
  class space    used 10244K, committed 11136K, reserved 1048576K
}
Event: 13.370 GC heap after
{Heap after GC invocations=29 (full 0):
 garbage-first heap   total 99328K, used 50604K [0x00000000a0000000, 0x0000000100000000)
  region size 1024K, 4 young (4096K), 4 survivors (4096K)
 Metaspace       used 73230K, committed 75072K, reserved 1114112K
  class space    used 10244K, committed 11136K, reserved 1048576K
}
Event: 13.498 GC heap before
{Heap before GC invocations=30 (full 0):
 garbage-first heap   total 99328K, used 91564K [0x00000000a0000000, 0x0000000100000000)
  region size 1024K, 44 young (45056K), 4 survivors (4096K)
 Metaspace       used 73230K, committed 75072K, reserved 1114112K
  class space    used 10244K, committed 11136K, reserved 1048576K
}
Event: 13.501 GC heap after
{Heap after GC invocations=31 (full 0):
 garbage-first heap   total 99328K, used 50921K [0x00000000a0000000, 0x0000000100000000)
  region size 1024K, 3 young (3072K), 3 survivors (3072K)
 Metaspace       used 73230K, committed 75072K, reserved 1114112K
  class space    used 10244K, committed 11136K, reserved 1048576K
}
Event: 13.602 GC heap before
{Heap before GC invocations=31 (full 0):
 garbage-first heap   total 99328K, used 91881K [0x00000000a0000000, 0x0000000100000000)
  region size 1024K, 44 young (45056K), 3 survivors (3072K)
 Metaspace       used 73233K, committed 75072K, reserved 1114112K
  class space    used 10244K, committed 11136K, reserved 1048576K
}

