# JRE version: OpenJDK Runtime Environment (21.0.10) (build 21.0.10+-14961533-b1163.108)
# Java VM: OpenJDK 64-Bit Server VM (21.0.10+-14961533-b1163.108, mixed mode, tiered, compressed oops, compressed class ptrs, g1 gc, windows-amd64)
GC Precious Log:
 CardTable entry size: 512
 Card Set container configuration: InlinePtr #cards 5 size 8 Array Of Cards #cards 12 size 40 Howl #buckets 4 coarsen threshold 1843 Howl Bitmap #cards 512 size 80 coarsen threshold 460 Card regions per heap region 1 cards per card region 2048
 CPUs: 8 total, 8 available
 Memory: 8099M
 Large Page Support: Disabled
 NUMA Support: Disabled
 Compressed Oops: Enabled (32-bit)
 Heap Region Size: 1M
 Heap Min Capacity: 8M
 Heap Initial Capacity: 128M
 Heap Max Capacity: 1536M
 Pre-touch: Disabled
 Parallel Workers: 8
 Concurrent Workers: 2
 Concurrent Refinement Workers: 8
 Periodic GC: Disabled
Heap:
 garbage-first heap   total 79872K, used 44279K [0x00000000a0000000, 0x0000000100000000)
  region size 1024K, 25 young (25600K), 4 survivors (4096K)
 Metaspace       used 32819K, committed 33472K, reserved 1114112K
  class space    used 4217K, committed 4544K, reserved 1048576K
GC Heap History (12 events):
Event: 3.454 GC heap before
{Heap before GC invocations=0 (full 0):
 garbage-first heap   total 131072K, used 23552K [0x00000000a0000000, 0x0000000100000000)
  region size 1024K, 23 young (23552K), 0 survivors (0K)
 Metaspace       used 7889K, committed 8000K, reserved 1114112K
  class space    used 736K, committed 768K, reserved 1048576K
}
Event: 3.456 GC heap after
{Heap after GC invocations=1 (full 0):
 garbage-first heap   total 131072K, used 1279K [0x00000000a0000000, 0x0000000100000000)
  region size 1024K, 2 young (2048K), 2 survivors (2048K)
 Metaspace       used 7889K, committed 8000K, reserved 1114112K
  class space    used 736K, committed 768K, reserved 1048576K
}
Event: 5.167 GC heap before
{Heap before GC invocations=1 (full 0):
 garbage-first heap   total 131072K, used 42239K [0x00000000a0000000, 0x0000000100000000)
  region size 1024K, 39 young (39936K), 2 survivors (2048K)
 Metaspace       used 11878K, committed 12032K, reserved 1114112K
  class space    used 1279K, committed 1344K, reserved 1048576K
}
Event: 5.171 GC heap after
{Heap after GC invocations=2 (full 0):
 garbage-first heap   total 131072K, used 11260K [0x00000000a0000000, 0x0000000100000000)
  region size 1024K, 5 young (5120K), 5 survivors (5120K)
 Metaspace       used 11878K, committed 12032K, reserved 1114112K
  class space    used 1279K, committed 1344K, reserved 1048576K
}
Event: 5.531 GC heap before
{Heap before GC invocations=2 (full 0):
 garbage-first heap   total 131072K, used 83964K [0x00000000a0000000, 0x0000000100000000)
  region size 1024K, 76 young (77824K), 5 survivors (5120K)
 Metaspace       used 12850K, committed 13056K, reserved 1114112K
  class space    used 1401K, committed 1472K, reserved 1048576K
}
Event: 5.535 GC heap after
{Heap after GC invocations=3 (full 0):
 garbage-first heap   total 131072K, used 12206K [0x00000000a0000000, 0x0000000100000000)
  region size 1024K, 6 young (6144K), 6 survivors (6144K)
 Metaspace       used 12850K, committed 13056K, reserved 1114112K
  class space    used 1401K, committed 1472K, reserved 1048576K
}
Event: 6.519 GC heap before
{Heap before GC invocations=3 (full 0):
 garbage-first heap   total 131072K, used 84910K [0x00000000a0000000, 0x0000000100000000)
  region size 1024K, 76 young (77824K), 6 survivors (6144K)
 Metaspace       used 20024K, committed 20352K, reserved 1114112K
  class space    used 2325K, committed 2496K, reserved 1048576K
}
Event: 6.526 GC heap after
{Heap after GC invocations=4 (full 0):
 garbage-first heap   total 131072K, used 20315K [0x00000000a0000000, 0x0000000100000000)
  region size 1024K, 8 young (8192K), 8 survivors (8192K)
 Metaspace       used 20024K, committed 20352K, reserved 1114112K
  class space    used 2325K, committed 2496K, reserved 1048576K
}
Event: 6.671 GC heap before
{Heap before GC invocations=4 (full 0):
 garbage-first heap   total 131072K, used 26459K [0x00000000a0000000, 0x0000000100000000)
  region size 1024K, 15 young (15360K), 8 survivors (8192K)
 Metaspace       used 21199K, committed 21504K, reserved 1114112K
  class space    used 2485K, committed 2624K, reserved 1048576K
}
Event: 6.676 GC heap after
{Heap after GC invocations=5 (full 0):
 garbage-first heap   total 131072K, used 21238K [0x00000000a0000000, 0x0000000100000000)
  region size 1024K, 2 young (2048K), 2 survivors (2048K)
 Metaspace       used 21199K, committed 21504K, reserved 1114112K
  class space    used 2485K, committed 2624K, reserved 1048576K
}
Event: 7.517 GC heap before
{Heap before GC invocations=6 (full 0):
 garbage-first heap   total 75776K, used 73462K [0x00000000a0000000, 0x0000000100000000)
  region size 1024K, 52 young (53248K), 2 survivors (2048K)
 Metaspace       used 30007K, committed 30528K, reserved 1114112K
  class space    used 3723K, committed 3968K, reserved 1048576K
}
Event: 7.520 GC heap after
{Heap after GC invocations=7 (full 0):
 garbage-first heap   total 79872K, used 23799K [0x00000000a0000000, 0x0000000100000000)
  region size 1024K, 4 young (4096K), 4 survivors (4096K)
 Metaspace       used 30007K, committed 30528K, reserved 1114112K
  class space    used 3723K, committed 3968K, reserved 1048576K
}

